c:\users\asus\desktop\doanktlt\doanktlt-nhom12-hcmus-2324\doanktlt-nhom12-hcmus-2324\doanktlt.a9f452bf\x64\debug\vc143.pdb
c:\users\asus\desktop\doanktlt\doanktlt-nhom12-hcmus-2324\doanktlt-nhom12-hcmus-2324\doanktlt.a9f452bf\x64\debug\vc143.idb
c:\users\asus\desktop\doanktlt\doanktlt-nhom12-hcmus-2324\doanktlt-nhom12-hcmus-2324\doanktlt.a9f452bf\x64\debug\function.obj
c:\users\asus\desktop\doanktlt\doanktlt-nhom12-hcmus-2324\doanktlt-nhom12-hcmus-2324\doanktlt.a9f452bf\x64\debug\main.obj
c:\users\asus\desktop\doanktlt\doanktlt-nhom12-hcmus-2324\doanktlt-nhom12-hcmus-2324\doanktlt.a9f452bf\x64\debug\doanktlt-nhom12-hcmus-2324.ilk
c:\users\asus\desktop\doanktlt\doanktlt-nhom12-hcmus-2324\doanktlt-nhom12-hcmus-2324\x64\debug\doanktlt-nhom12-hcmus-2324.pdb
c:\users\asus\desktop\doanktlt\doanktlt-nhom12-hcmus-2324\doanktlt-nhom12-hcmus-2324\doanktlt.a9f452bf\x64\debug\doanktlt.a9f452bf.tlog\cl.command.1.tlog
c:\users\asus\desktop\doanktlt\doanktlt-nhom12-hcmus-2324\doanktlt-nhom12-hcmus-2324\doanktlt.a9f452bf\x64\debug\doanktlt.a9f452bf.tlog\cl.items.tlog
c:\users\asus\desktop\doanktlt\doanktlt-nhom12-hcmus-2324\doanktlt-nhom12-hcmus-2324\doanktlt.a9f452bf\x64\debug\doanktlt.a9f452bf.tlog\cl.read.1.tlog
c:\users\asus\desktop\doanktlt\doanktlt-nhom12-hcmus-2324\doanktlt-nhom12-hcmus-2324\doanktlt.a9f452bf\x64\debug\doanktlt.a9f452bf.tlog\cl.write.1.tlog
c:\users\asus\desktop\doanktlt\doanktlt-nhom12-hcmus-2324\doanktlt-nhom12-hcmus-2324\doanktlt.a9f452bf\x64\debug\doanktlt.a9f452bf.tlog\link.24392-cvtres.read.1.tlog
c:\users\asus\desktop\doanktlt\doanktlt-nhom12-hcmus-2324\doanktlt-nhom12-hcmus-2324\doanktlt.a9f452bf\x64\debug\doanktlt.a9f452bf.tlog\link.24392-cvtres.write.1.tlog
c:\users\asus\desktop\doanktlt\doanktlt-nhom12-hcmus-2324\doanktlt-nhom12-hcmus-2324\doanktlt.a9f452bf\x64\debug\doanktlt.a9f452bf.tlog\link.24392-rc.read.1.tlog
c:\users\asus\desktop\doanktlt\doanktlt-nhom12-hcmus-2324\doanktlt-nhom12-hcmus-2324\doanktlt.a9f452bf\x64\debug\doanktlt.a9f452bf.tlog\link.24392-rc.write.1.tlog
c:\users\asus\desktop\doanktlt\doanktlt-nhom12-hcmus-2324\doanktlt-nhom12-hcmus-2324\doanktlt.a9f452bf\x64\debug\doanktlt.a9f452bf.tlog\link.24392.read.1.tlog
c:\users\asus\desktop\doanktlt\doanktlt-nhom12-hcmus-2324\doanktlt-nhom12-hcmus-2324\doanktlt.a9f452bf\x64\debug\doanktlt.a9f452bf.tlog\link.24392.read.3.tlog
c:\users\asus\desktop\doanktlt\doanktlt-nhom12-hcmus-2324\doanktlt-nhom12-hcmus-2324\doanktlt.a9f452bf\x64\debug\doanktlt.a9f452bf.tlog\link.24392.write.1.tlog
c:\users\asus\desktop\doanktlt\doanktlt-nhom12-hcmus-2324\doanktlt-nhom12-hcmus-2324\doanktlt.a9f452bf\x64\debug\doanktlt.a9f452bf.tlog\link.command.1.tlog
c:\users\asus\desktop\doanktlt\doanktlt-nhom12-hcmus-2324\doanktlt-nhom12-hcmus-2324\doanktlt.a9f452bf\x64\debug\doanktlt.a9f452bf.tlog\link.read.1.tlog
c:\users\asus\desktop\doanktlt\doanktlt-nhom12-hcmus-2324\doanktlt-nhom12-hcmus-2324\doanktlt.a9f452bf\x64\debug\doanktlt.a9f452bf.tlog\link.secondary.1.tlog
c:\users\asus\desktop\doanktlt\doanktlt-nhom12-hcmus-2324\doanktlt-nhom12-hcmus-2324\doanktlt.a9f452bf\x64\debug\doanktlt.a9f452bf.tlog\link.write.1.tlog
